[2020-03-28 09:28:13]
    Текст ошибки: Страница oclock.ua/favicon.ico не найдена | Файл: W:\domains\oclock.ua\vendor\oclock\core\Router.php | Строка: 46
=====================
[2020-03-28 09:28:14]
    Текст ошибки: Страница oclock.ua/favicon.ico не найдена | Файл: W:\domains\oclock.ua\vendor\oclock\core\Router.php | Строка: 46
=====================
[2020-03-28 09:28:18]
    Текст ошибки: Страница oclock.ua/favicon.ico не найдена | Файл: W:\domains\oclock.ua\vendor\oclock\core\Router.php | Строка: 46
=====================
[2020-03-28 10:32:01]
    Текст ошибки: Страница oclock.ua/favicon.ico не найдена | Файл: W:\domains\oclock.ua\vendor\oclock\core\Router.php | Строка: 46
=====================
[2020-03-28 10:46:40]
    Текст ошибки: Страница oclock.ua/css/bootstrap.css.map не найдена | Файл: W:\domains\oclock.ua\vendor\oclock\core\Router.php | Строка: 46
=====================
[2020-03-28 10:46:43]
    Текст ошибки: Страница oclock.ua/css/bootstrap.css.map не найдена | Файл: W:\domains\oclock.ua\vendor\oclock\core\Router.php | Строка: 46
=====================
[2020-03-28 10:46:43]
    Текст ошибки: Страница oclock.ua/favicon.ico не найдена | Файл: W:\domains\oclock.ua\vendor\oclock\core\Router.php | Строка: 46
=====================
[2020-03-28 10:46:50]
    Текст ошибки: Страница oclock.ua/css/bootstrap.css.map не найдена | Файл: W:\domains\oclock.ua\vendor\oclock\core\Router.php | Строка: 46
=====================
[2020-03-28 10:47:18]
    Текст ошибки: Страница oclock.ua/css/bootstrap.css.map не найдена | Файл: W:\domains\oclock.ua\vendor\oclock\core\Router.php | Строка: 46
=====================
[2020-03-28 10:47:29]
    Текст ошибки: Страница oclock.ua/css/bootstrap.css.map не найдена | Файл: W:\domains\oclock.ua\vendor\oclock\core\Router.php | Строка: 46
=====================
[2020-03-28 10:47:45]
    Текст ошибки: Страница oclock.ua/css/bootstrap.css.map не найдена | Файл: W:\domains\oclock.ua\vendor\oclock\core\Router.php | Строка: 46
=====================
[2020-03-28 10:48:30]
    Текст ошибки: Страница oclock.ua/css/bootstrap.css.map не найдена | Файл: W:\domains\oclock.ua\vendor\oclock\core\Router.php | Строка: 46
=====================
[2020-03-28 10:48:36]
    Текст ошибки: Страница oclock.ua/css/bootstrap.css.map не найдена | Файл: W:\domains\oclock.ua\vendor\oclock\core\Router.php | Строка: 46
=====================
[2020-03-28 10:48:47]
    Текст ошибки: Страница oclock.ua/css/bootstrap.css.map не найдена | Файл: W:\domains\oclock.ua\vendor\oclock\core\Router.php | Строка: 46
=====================
[2020-03-28 10:49:58]
    Текст ошибки: Страница oclock.ua/css/bootstrap.css.map не найдена | Файл: W:\domains\oclock.ua\vendor\oclock\core\Router.php | Строка: 46
=====================
[2020-03-28 10:51:15]
    Текст ошибки: Страница oclock.ua/css/bootstrap.css.map не найдена | Файл: W:\domains\oclock.ua\vendor\oclock\core\Router.php | Строка: 46
=====================
[2020-03-28 10:51:26]
    Текст ошибки: Страница oclock.ua/css/bootstrap.css.map не найдена | Файл: W:\domains\oclock.ua\vendor\oclock\core\Router.php | Строка: 46
=====================
[2020-03-28 10:54:28]
    Текст ошибки: Страница oclock.ua/css/bootstrap.css.map не найдена | Файл: W:\domains\oclock.ua\vendor\oclock\core\Router.php | Строка: 46
=====================
[2020-03-28 10:55:26]
    Текст ошибки: Страница oclock.ua/css/bootstrap.css.map не найдена | Файл: W:\domains\oclock.ua\vendor\oclock\core\Router.php | Строка: 46
=====================
[2020-03-28 10:55:30]
    Текст ошибки: Страница oclock.ua/css/bootstrap.css.map не найдена | Файл: W:\domains\oclock.ua\vendor\oclock\core\Router.php | Строка: 46
=====================
[2020-03-28 10:57:46]
    Текст ошибки: Страница oclock.ua/css/bootstrap.css.map не найдена | Файл: W:\domains\oclock.ua\vendor\oclock\core\Router.php | Строка: 46
=====================
[2020-03-28 10:57:51]
    Текст ошибки: Страница oclock.ua/css/bootstrap.css.map не найдена | Файл: W:\domains\oclock.ua\vendor\oclock\core\Router.php | Строка: 46
=====================
[2020-03-28 10:58:57]
    Текст ошибки: Страница oclock.ua/css/bootstrap.css.map не найдена | Файл: W:\domains\oclock.ua\vendor\oclock\core\Router.php | Строка: 46
=====================
[2020-03-28 11:00:44]
    Текст ошибки: Контроллер CurrencyController не найден | Файл: W:\domains\oclock.ua\vendor\oclock\core\Router.php | Строка: 43
=====================
[2020-03-28 11:03:03]
    Текст ошибки: Контроллер CurrencyController не найден | Файл: W:\domains\oclock.ua\vendor\oclock\core\Router.php | Строка: 43
=====================
[2020-03-28 11:03:25]
    Текст ошибки: Call to undefined method app\controllers\CurrencyController::getView() | Файл: W:\domains\oclock.ua\vendor\oclock\core\Router.php | Строка: 38
=====================
[2020-03-28 11:03:38]
    Текст ошибки: Call to undefined method app\controllers\CurrencyController::getView() | Файл: W:\domains\oclock.ua\vendor\oclock\core\Router.php | Строка: 38
=====================
[2020-03-28 11:03:39]
    Текст ошибки: Не найден вид W:\domains\oclock.ua/app/views/Currency/change.php | Файл: W:\domains\oclock.ua\vendor\oclock\core\base\View.php | Строка: 48
=====================
[2020-03-28 11:03:42]
    Текст ошибки: Не найден вид W:\domains\oclock.ua/app/views/Currency/change.php | Файл: W:\domains\oclock.ua\vendor\oclock\core\base\View.php | Строка: 48
=====================
[2020-03-28 11:03:52]
    Текст ошибки: Не найден вид W:\domains\oclock.ua/app/views/Currency/change.php | Файл: W:\domains\oclock.ua\vendor\oclock\core\base\View.php | Строка: 48
=====================
[2020-03-28 11:03:53]
    Текст ошибки: Не найден вид W:\domains\oclock.ua/app/views/Currency/change.php | Файл: W:\domains\oclock.ua\vendor\oclock\core\base\View.php | Строка: 48
=====================
[2020-03-28 11:05:49]
    Текст ошибки: Не найден вид W:\domains\oclock.ua/app/views/Currency/change.php | Файл: W:\domains\oclock.ua\vendor\oclock\core\base\View.php | Строка: 48
=====================
[2020-03-28 11:05:59]
    Текст ошибки: Не найден вид W:\domains\oclock.ua/app/views/Currency/change.php | Файл: W:\domains\oclock.ua\vendor\oclock\core\base\View.php | Строка: 48
=====================
[2020-03-28 11:06:19]
    Текст ошибки: Не найден вид W:\domains\oclock.ua/app/views/Currency/change.php | Файл: W:\domains\oclock.ua\vendor\oclock\core\base\View.php | Строка: 48
=====================
[2020-03-28 11:06:25]
    Текст ошибки: Страница oclock.ua/favicon.ico не найдена | Файл: W:\domains\oclock.ua\vendor\oclock\core\Router.php | Строка: 46
=====================
[2020-03-28 11:06:27]
    Текст ошибки: Не найден вид W:\domains\oclock.ua/app/views/Currency/change.php | Файл: W:\domains\oclock.ua\vendor\oclock\core\base\View.php | Строка: 48
=====================
[2020-03-28 11:06:40]
    Текст ошибки: Не найден вид W:\domains\oclock.ua/app/views/Currency/change.php | Файл: W:\domains\oclock.ua\vendor\oclock\core\base\View.php | Строка: 48
=====================
[2020-03-28 11:07:12]
    Текст ошибки: Не найден вид W:\domains\oclock.ua/app/views/Currency/change.php | Файл: W:\domains\oclock.ua\vendor\oclock\core\base\View.php | Строка: 48
=====================
[2020-03-28 11:07:21]
    Текст ошибки: Не найден вид W:\domains\oclock.ua/app/views/Currency/change.php | Файл: W:\domains\oclock.ua\vendor\oclock\core\base\View.php | Строка: 48
=====================
[2020-03-28 11:07:25]
    Текст ошибки: Не найден вид W:\domains\oclock.ua/app/views/Currency/change.php | Файл: W:\domains\oclock.ua\vendor\oclock\core\base\View.php | Строка: 48
=====================
[2020-03-28 11:08:19]
    Текст ошибки: Не найден вид W:\domains\oclock.ua/app/views/Currency/change.php | Файл: W:\domains\oclock.ua\vendor\oclock\core\base\View.php | Строка: 48
=====================
[2020-03-28 11:08:26]
    Текст ошибки: Не найден вид W:\domains\oclock.ua/app/views/Currency/change.php | Файл: W:\domains\oclock.ua\vendor\oclock\core\base\View.php | Строка: 48
=====================
[2020-03-28 11:08:54]
    Текст ошибки: Не найден вид W:\domains\oclock.ua/app/views/Currency/change.php | Файл: W:\domains\oclock.ua\vendor\oclock\core\base\View.php | Строка: 48
=====================
[2020-03-28 11:09:12]
    Текст ошибки: Не найден вид W:\domains\oclock.ua/app/views/Currency/change.php | Файл: W:\domains\oclock.ua\vendor\oclock\core\base\View.php | Строка: 48
=====================
[2020-03-28 11:09:45]
    Текст ошибки: Не найден вид W:\domains\oclock.ua/app/views/Currency/change.php | Файл: W:\domains\oclock.ua\vendor\oclock\core\base\View.php | Строка: 48
=====================
[2020-03-28 11:09:46]
    Текст ошибки: Не найден вид W:\domains\oclock.ua/app/views/Currency/change.php | Файл: W:\domains\oclock.ua\vendor\oclock\core\base\View.php | Строка: 48
=====================
[2020-03-28 11:10:03]
    Текст ошибки: Не найден вид W:\domains\oclock.ua/app/views/Currency/change.php | Файл: W:\domains\oclock.ua\vendor\oclock\core\base\View.php | Строка: 48
=====================
[2020-03-28 11:15:30]
    Текст ошибки: Не найден вид W:\domains\oclock.ua/app/views/Currency/change.php | Файл: W:\domains\oclock.ua\vendor\oclock\core\base\View.php | Строка: 48
=====================
[2020-03-28 11:15:49]
    Текст ошибки: Не найден вид W:\domains\oclock.ua/app/views/Currency/change.php | Файл: W:\domains\oclock.ua\vendor\oclock\core\base\View.php | Строка: 48
=====================
[2020-03-28 11:16:01]
    Текст ошибки: Не найден вид W:\domains\oclock.ua/app/views/Currency/change.php | Файл: W:\domains\oclock.ua\vendor\oclock\core\base\View.php | Строка: 48
=====================
[2020-03-28 11:16:32]
    Текст ошибки: Страница oclock.ua/favicon.ico не найдена | Файл: W:\domains\oclock.ua\vendor\oclock\core\Router.php | Строка: 46
=====================
[2020-03-28 11:18:09]
    Текст ошибки: Не найден вид W:\domains\oclock.ua/app/views/Currency/change.php | Файл: W:\domains\oclock.ua\vendor\oclock\core\base\View.php | Строка: 48
=====================
[2020-03-28 11:18:44]
    Текст ошибки: Не найден вид W:\domains\oclock.ua/app/views/Currency/change.php | Файл: W:\domains\oclock.ua\vendor\oclock\core\base\View.php | Строка: 48
=====================
[2020-03-28 11:18:48]
    Текст ошибки: Не найден вид W:\domains\oclock.ua/app/views/Currency/change.php | Файл: W:\domains\oclock.ua\vendor\oclock\core\base\View.php | Строка: 48
=====================
[2020-03-28 11:18:56]
    Текст ошибки: Не найден вид W:\domains\oclock.ua/app/views/Currency/change.php | Файл: W:\domains\oclock.ua\vendor\oclock\core\base\View.php | Строка: 48
=====================
[2020-03-28 11:19:33]
    Текст ошибки: Не найден вид W:\domains\oclock.ua/app/views/Currency/change.php | Файл: W:\domains\oclock.ua\vendor\oclock\core\base\View.php | Строка: 48
=====================
[2020-03-28 11:19:56]
    Текст ошибки: Страница oclock.ua/css/bootstrap.css.map не найдена | Файл: W:\domains\oclock.ua\vendor\oclock\core\Router.php | Строка: 46
=====================
[2020-03-28 11:19:59]
    Текст ошибки: Страница oclock.ua/css/bootstrap.css.map не найдена | Файл: W:\domains\oclock.ua\vendor\oclock\core\Router.php | Строка: 46
=====================
[2020-03-28 11:20:02]
    Текст ошибки: Страница oclock.ua/css/bootstrap.css.map не найдена | Файл: W:\domains\oclock.ua\vendor\oclock\core\Router.php | Строка: 46
=====================
[2020-03-28 11:21:02]
    Текст ошибки: Страница oclock.ua/css/bootstrap.css.map не найдена | Файл: W:\domains\oclock.ua\vendor\oclock\core\Router.php | Строка: 46
=====================
[2020-03-28 11:21:08]
    Текст ошибки: Страница oclock.ua/css/bootstrap.css.map не найдена | Файл: W:\domains\oclock.ua\vendor\oclock\core\Router.php | Строка: 46
=====================
[2020-03-28 11:21:11]
    Текст ошибки: Страница oclock.ua/css/bootstrap.css.map не найдена | Файл: W:\domains\oclock.ua\vendor\oclock\core\Router.php | Строка: 46
=====================
[2020-03-28 11:21:13]
    Текст ошибки: Страница oclock.ua/css/bootstrap.css.map не найдена | Файл: W:\domains\oclock.ua\vendor\oclock\core\Router.php | Строка: 46
=====================
[2020-03-28 11:21:51]
    Текст ошибки: Страница oclock.ua/css/bootstrap.css.map не найдена | Файл: W:\domains\oclock.ua\vendor\oclock\core\Router.php | Строка: 46
=====================
[2020-03-28 11:22:00]
    Текст ошибки: Страница oclock.ua/css/bootstrap.css.map не найдена | Файл: W:\domains\oclock.ua\vendor\oclock\core\Router.php | Строка: 46
=====================
[2020-03-28 11:22:07]
    Текст ошибки: Страница oclock.ua/css/bootstrap.css.map не найдена | Файл: W:\domains\oclock.ua\vendor\oclock\core\Router.php | Строка: 46
=====================
[2020-03-28 11:22:27]
    Текст ошибки: Страница oclock.ua/css/bootstrap.css.map не найдена | Файл: W:\domains\oclock.ua\vendor\oclock\core\Router.php | Строка: 46
=====================
[2020-03-28 11:22:31]
    Текст ошибки: Страница oclock.ua/css/bootstrap.css.map не найдена | Файл: W:\domains\oclock.ua\vendor\oclock\core\Router.php | Строка: 46
=====================
[2020-03-28 11:22:35]
    Текст ошибки: Страница oclock.ua/css/bootstrap.css.map не найдена | Файл: W:\domains\oclock.ua\vendor\oclock\core\Router.php | Строка: 46
=====================
[2020-03-28 11:22:39]
    Текст ошибки: Страница oclock.ua/css/bootstrap.css.map не найдена | Файл: W:\domains\oclock.ua\vendor\oclock\core\Router.php | Строка: 46
=====================
[2020-03-28 11:22:44]
    Текст ошибки: Страница oclock.ua/css/bootstrap.css.map не найдена | Файл: W:\domains\oclock.ua\vendor\oclock\core\Router.php | Строка: 46
=====================
[2020-03-28 11:22:51]
    Текст ошибки: Страница oclock.ua/css/bootstrap.css.map не найдена | Файл: W:\domains\oclock.ua\vendor\oclock\core\Router.php | Строка: 46
=====================
